{"/Users/Alen/Desktop/Новая папка 2/container-map/src/js/ErrorRepository.js": {"path":"/Users/Alen/Desktop/Новая папка 2/container-map/src/js/ErrorRepository.js","statementMap":{"0":{"start":{"line":3,"column":3},"end":{"line":3,"column":24}},"1":{"start":{"line":7,"column":3},"end":{"line":7,"column":32}},"2":{"start":{"line":11,"column":3},"end":{"line":13,"column":4}},"3":{"start":{"line":12,"column":3},"end":{"line":12,"column":29}},"4":{"start":{"line":14,"column":3},"end":{"line":14,"column":26}}},"fnMap":{"0":{"name":"(anonymous_0)","decl":{"start":{"line":2,"column":1},"end":{"line":2,"column":2}},"loc":{"start":{"line":2,"column":15},"end":{"line":4,"column":2}},"line":2},"1":{"name":"(anonymous_1)","decl":{"start":{"line":6,"column":1},"end":{"line":6,"column":2}},"loc":{"start":{"line":6,"column":21},"end":{"line":8,"column":2}},"line":6},"2":{"name":"(anonymous_2)","decl":{"start":{"line":10,"column":1},"end":{"line":10,"column":2}},"loc":{"start":{"line":10,"column":17},"end":{"line":15,"column":2}},"line":10}},"branchMap":{"0":{"loc":{"start":{"line":11,"column":3},"end":{"line":13,"column":4}},"type":"if","locations":[{"start":{"line":11,"column":3},"end":{"line":13,"column":4}},{"start":{},"end":{}}],"line":11}},"s":{"0":2,"1":1,"2":2,"3":1,"4":1},"f":{"0":2,"1":1,"2":2},"b":{"0":[1,1]},"_coverageSchema":"1a1c01bbd47fc00a2c39e90264f33305004495a9","hash":"cf4467a0f0ce12ad373f800af6f1da0e70f70c67"}
}
